<?xml version="1.0" encoding="UTF-8"?>
<testsuite name="io.betterbanking.OpenBankingApp.transaction.TransactionServiceTest" tests="1" skipped="0" failures="0" errors="0" timestamp="2022-06-28T23:27:03" hostname="Ankitas-MacBook-Air.local" time="0.027">
  <properties/>
  <testcase name="Getting dummy transactions should work" classname="io.betterbanking.OpenBankingApp.transaction.TransactionServiceTest" time="0.027"/>
  <system-out><![CDATA[]]></system-out>
  <system-err><![CDATA[]]></system-err>
</testsuite>
